<?xml version="1.0" encoding="UTF-8"?>
<!-- Generated by org.testng.reporters.JUnitXMLReporter -->
<testsuite ignored="0" hostname="LAPTOP-R52EH8U0" failures="7" tests="7" name="Regression(failed)" time="5.425" errors="0" timestamp="2022-01-26T12:57:18 IST">
  <testcase classname="testcases.TC001" name="irctcRegistration" time="0.006">
    <failure type="java.lang.NullPointerException">
      <![CDATA[java.lang.NullPointerException
at wrappers.GenericWrappers.takeSnap(GenericWrappers.java:556)
at wrappers.GenericWrappers.clickByXpath(GenericWrappers.java:292)
at testcases.TC001.irctcRegistration(TC001.java:18)
at java.base/java.util.concurrent.FutureTask.run(FutureTask.java:264)
at java.base/java.util.concurrent.Executors$RunnableAdapter.call(Executors.java:515)
at java.base/java.util.concurrent.FutureTask.run(FutureTask.java:264)
at java.base/java.util.concurrent.ThreadPoolExecutor.runWorker(ThreadPoolExecutor.java:1128)
at java.base/java.util.concurrent.ThreadPoolExecutor$Worker.run(ThreadPoolExecutor.java:628)
at java.base/java.lang.Thread.run(Thread.java:834)
... Removed 9 stack frames]]>
    </failure>
  </testcase> <!-- irctcRegistration -->
  <testcase classname="testcases.TC001" name="irctcRegistration" time="0.006">
    <failure type="java.lang.NullPointerException">
      <![CDATA[java.lang.NullPointerException
at wrappers.GenericWrappers.takeSnap(GenericWrappers.java:556)
at wrappers.GenericWrappers.clickByXpath(GenericWrappers.java:292)
at testcases.TC001.irctcRegistration(TC001.java:18)
at java.base/java.util.concurrent.FutureTask.run(FutureTask.java:264)
at java.base/java.util.concurrent.Executors$RunnableAdapter.call(Executors.java:515)
at java.base/java.util.concurrent.FutureTask.run(FutureTask.java:264)
at java.base/java.util.concurrent.ThreadPoolExecutor.runWorker(ThreadPoolExecutor.java:1128)
at java.base/java.util.concurrent.ThreadPoolExecutor$Worker.run(ThreadPoolExecutor.java:628)
at java.base/java.lang.Thread.run(Thread.java:834)
... Removed 9 stack frames]]>
    </failure>
  </testcase> <!-- irctcRegistration -->
  <testcase classname="testcases.TC001" name="irctcRegistration" time="0.006">
    <failure type="java.lang.NullPointerException">
      <![CDATA[java.lang.NullPointerException
at wrappers.GenericWrappers.takeSnap(GenericWrappers.java:556)
at wrappers.GenericWrappers.clickByXpath(GenericWrappers.java:292)
at testcases.TC001.irctcRegistration(TC001.java:18)
at java.base/java.util.concurrent.FutureTask.run(FutureTask.java:264)
at java.base/java.util.concurrent.Executors$RunnableAdapter.call(Executors.java:515)
at java.base/java.util.concurrent.FutureTask.run(FutureTask.java:264)
at java.base/java.util.concurrent.ThreadPoolExecutor.runWorker(ThreadPoolExecutor.java:1128)
at java.base/java.util.concurrent.ThreadPoolExecutor$Worker.run(ThreadPoolExecutor.java:628)
at java.base/java.lang.Thread.run(Thread.java:834)
... Removed 9 stack frames]]>
    </failure>
  </testcase> <!-- irctcRegistration -->
  <testcase classname="testcases.TC003" name="ftrSignup" time="5.017">
    <failure type="java.lang.NullPointerException">
      <![CDATA[java.lang.NullPointerException
at wrappers.GenericWrappers.takeSnap(GenericWrappers.java:556)
at wrappers.GenericWrappers.threadWait(GenericWrappers.java:597)
at testcases.TC003.ftrSignup(TC003.java:20)
at java.base/java.util.concurrent.ThreadPoolExecutor.runWorker(ThreadPoolExecutor.java:1128)
at java.base/java.util.concurrent.ThreadPoolExecutor$Worker.run(ThreadPoolExecutor.java:628)
at java.base/java.lang.Thread.run(Thread.java:834)
... Removed 12 stack frames]]>
    </failure>
  </testcase> <!-- ftrSignup -->
  <testcase classname="testcases.TC005" name="accommodationGSTValidation" time="5.017">
    <failure type="java.lang.NullPointerException">
      <![CDATA[java.lang.NullPointerException
at wrappers.GenericWrappers.takeSnap(GenericWrappers.java:556)
at wrappers.GenericWrappers.threadWait(GenericWrappers.java:597)
at testcases.TC005.accommodationGSTValidation(TC005.java:14)
at java.base/java.util.concurrent.ThreadPoolExecutor.runWorker(ThreadPoolExecutor.java:1128)
at java.base/java.util.concurrent.ThreadPoolExecutor$Worker.run(ThreadPoolExecutor.java:628)
at java.base/java.lang.Thread.run(Thread.java:834)
... Removed 12 stack frames]]>
    </failure>
  </testcase> <!-- accommodationGSTValidation -->
  <testcase classname="testcases.TC002" name="accommodations" time="0.019">
    <failure type="java.lang.NullPointerException">
      <![CDATA[java.lang.NullPointerException
at wrappers.GenericWrappers.takeSnap(GenericWrappers.java:556)
at wrappers.GenericWrappers.moveToElementByXpath(GenericWrappers.java:652)
at testcases.TC002.accommodations(TC002.java:20)
at java.base/java.util.concurrent.ThreadPoolExecutor.runWorker(ThreadPoolExecutor.java:1128)
at java.base/java.util.concurrent.ThreadPoolExecutor$Worker.run(ThreadPoolExecutor.java:628)
at java.base/java.lang.Thread.run(Thread.java:834)
... Removed 12 stack frames]]>
    </failure>
  </testcase> <!-- accommodations -->
  <testcase classname="testcases.TC004" name="saloonMandatoryCheck" time="5.002">
    <failure type="java.lang.NullPointerException">
      <![CDATA[java.lang.NullPointerException
at wrappers.GenericWrappers.takeSnap(GenericWrappers.java:556)
at wrappers.GenericWrappers.threadWait(GenericWrappers.java:597)
at testcases.TC004.saloonMandatoryCheck(TC004.java:15)
at java.base/java.util.concurrent.ThreadPoolExecutor.runWorker(ThreadPoolExecutor.java:1128)
at java.base/java.util.concurrent.ThreadPoolExecutor$Worker.run(ThreadPoolExecutor.java:628)
at java.base/java.lang.Thread.run(Thread.java:834)
... Removed 12 stack frames]]>
    </failure>
  </testcase> <!-- saloonMandatoryCheck -->
</testsuite> <!-- Regression(failed) -->
