<?xml version="1.0" encoding="UTF-8"?>
<!-- Generated by org.testng.reporters.JUnitXMLReporter -->
<testsuite ignored="0" hostname="LAPTOP-R52EH8U0" failures="0" tests="3" name="Default test" time="242.139" errors="0" timestamp="2022-02-07T12:49:40 IST">
  <testcase classname="testcases.TC001" name="irctcRegistration" time="71.564"/>
  <testcase classname="testcases.TC001" name="irctcRegistration" time="66.334"/>
  <testcase classname="testcases.TC001" name="irctcRegistration" time="67.57"/>
</testsuite> <!-- Default test -->
