<?xml version="1.0" encoding="UTF-8"?>
<testng-results ignored="0" total="3" passed="3" failed="0" skipped="0">
  <reporter-output>
  </reporter-output>
  <suite started-at="2022-02-07T12:45:38 IST" name="Default suite" finished-at="2022-02-07T12:49:40 IST" duration-ms="242139">
    <groups>
      <group name="Regression">
        <method signature="TC001.irctcRegistration(java.lang.String, java.lang.String, java.lang.String, java.lang.String)[pri:0, instance:testcases.TC001@6a84a97d]" name="irctcRegistration" class="testcases.TC001"/>
      </group> <!-- Regression -->
    </groups>
    <test started-at="2022-02-07T12:45:38 IST" name="Default test" finished-at="2022-02-07T12:49:40 IST" duration-ms="242139">
      <class name="testcases.TC001">
        <test-method is-config="true" signature="openingBrowser()[pri:0, instance:testcases.TC001@6a84a97d]" started-at="2022-02-07T12:45:39 IST" name="openingBrowser" finished-at="2022-02-07T12:45:52 IST" duration-ms="13880" status="PASS">
          <reporter-output>
          </reporter-output>
        </test-method> <!-- openingBrowser -->
        <test-method signature="irctcRegistration(java.lang.String, java.lang.String, java.lang.String, java.lang.String)[pri:0, instance:testcases.TC001@6a84a97d]" started-at="2022-02-07T12:45:52 IST" name="irctcRegistration" data-provider="IRCTC" finished-at="2022-02-07T12:47:04 IST" duration-ms="71564" status="PASS">
          <params>
            <param index="0">
              <value>
                <![CDATA[tester]]>
              </value>
            </param>
            <param index="1">
              <value>
                <![CDATA[Test1234]]>
              </value>
            </param>
            <param index="2">
              <value>
                <![CDATA[Test1234]]>
              </value>
            </param>
            <param index="3">
              <value>
                <![CDATA[Dog]]>
              </value>
            </param>
          </params>
          <reporter-output>
          </reporter-output>
        </test-method> <!-- irctcRegistration -->
        <test-method is-config="true" signature="closingBroswer()[pri:0, instance:testcases.TC001@6a84a97d]" started-at="2022-02-07T12:47:04 IST" name="closingBroswer" finished-at="2022-02-07T12:47:05 IST" duration-ms="709" status="PASS">
          <reporter-output>
          </reporter-output>
        </test-method> <!-- closingBroswer -->
        <test-method is-config="true" signature="openingBrowser()[pri:0, instance:testcases.TC001@6a84a97d]" started-at="2022-02-07T12:47:05 IST" name="openingBrowser" finished-at="2022-02-07T12:47:15 IST" duration-ms="10700" status="PASS">
          <reporter-output>
          </reporter-output>
        </test-method> <!-- openingBrowser -->
        <test-method signature="irctcRegistration(java.lang.String, java.lang.String, java.lang.String, java.lang.String)[pri:0, instance:testcases.TC001@6a84a97d]" started-at="2022-02-07T12:47:15 IST" name="irctcRegistration" data-provider="IRCTC" finished-at="2022-02-07T12:48:22 IST" duration-ms="66334" status="PASS">
          <params>
            <param index="0">
              <value>
                <![CDATA[tester2]]>
              </value>
            </param>
            <param index="1">
              <value>
                <![CDATA[Test345]]>
              </value>
            </param>
            <param index="2">
              <value>
                <![CDATA[Test345]]>
              </value>
            </param>
            <param index="3">
              <value>
                <![CDATA[Cat]]>
              </value>
            </param>
          </params>
          <reporter-output>
          </reporter-output>
        </test-method> <!-- irctcRegistration -->
        <test-method is-config="true" signature="closingBroswer()[pri:0, instance:testcases.TC001@6a84a97d]" started-at="2022-02-07T12:48:22 IST" name="closingBroswer" finished-at="2022-02-07T12:48:22 IST" duration-ms="703" status="PASS">
          <reporter-output>
          </reporter-output>
        </test-method> <!-- closingBroswer -->
        <test-method is-config="true" signature="openingBrowser()[pri:0, instance:testcases.TC001@6a84a97d]" started-at="2022-02-07T12:48:22 IST" name="openingBrowser" finished-at="2022-02-07T12:48:32 IST" duration-ms="9411" status="PASS">
          <reporter-output>
          </reporter-output>
        </test-method> <!-- openingBrowser -->
        <test-method signature="irctcRegistration(java.lang.String, java.lang.String, java.lang.String, java.lang.String)[pri:0, instance:testcases.TC001@6a84a97d]" started-at="2022-02-07T12:48:32 IST" name="irctcRegistration" data-provider="IRCTC" finished-at="2022-02-07T12:49:39 IST" duration-ms="67570" status="PASS">
          <params>
            <param index="0">
              <value>
                <![CDATA[tester3]]>
              </value>
            </param>
            <param index="1">
              <value>
                <![CDATA[Test567]]>
              </value>
            </param>
            <param index="2">
              <value>
                <![CDATA[Test567]]>
              </value>
            </param>
            <param index="3">
              <value>
                <![CDATA[Rat]]>
              </value>
            </param>
          </params>
          <reporter-output>
          </reporter-output>
        </test-method> <!-- irctcRegistration -->
        <test-method is-config="true" signature="closingBroswer()[pri:0, instance:testcases.TC001@6a84a97d]" started-at="2022-02-07T12:49:39 IST" name="closingBroswer" finished-at="2022-02-07T12:49:40 IST" duration-ms="722" status="PASS">
          <reporter-output>
          </reporter-output>
        </test-method> <!-- closingBroswer -->
      </class> <!-- testcases.TC001 -->
    </test> <!-- Default test -->
  </suite> <!-- Default suite -->
</testng-results>
